<?xml version="1.0" encoding="UTF-8"?>
<!-- Generated by org.testng.reporters.JUnitReportReporter -->
<testsuite skipped="0" hostname="MANAS-PC" name="testscripts.TestAdminHome" tests="1" failures="0" timestamp="07 Sep 2019 13:52:15 GMT" time="34.732" errors="0">
  <testcase name="testAdminHome" time="34.732" classname="testscripts.TestAdminHome"/>
</testsuite> <!-- testscripts.TestAdminHome -->
