<?xml version="1.0" encoding="UTF-8"?>
<!-- Generated by org.testng.reporters.JUnitReportReporter -->
<testsuite skipped="0" hostname="MANAS-PC" name="testscripts.TestLogin" tests="1" failures="0" timestamp="08 Sep 2019 12:11:00 GMT" time="30.068" errors="0">
  <testcase name="testLogin" time="30.068" classname="testscripts.TestLogin"/>
</testsuite> <!-- testscripts.TestLogin -->
