<?xml version="1.0" encoding="UTF-8"?>
<!-- Generated by org.testng.reporters.JUnitReportReporter -->
<testsuite skipped="0" hostname="MANAS-PC" name="testscripts.TestLogin" tests="1" failures="0" timestamp="08 Sep 2019 12:51:26 GMT" time="42.061" errors="0">
  <testcase name="testLogin" time="42.061" classname="testscripts.TestLogin"/>
</testsuite> <!-- testscripts.TestLogin -->
